{"C:\\Users\\marad\\Documents\\GitHub\\instant\\frontend\\src\\App.js": {"path":"C:\\Users\\marad\\Documents\\GitHub\\instant\\frontend\\src\\App.js","statementMap":{"0":{"start":{"line":7,"column":28},"end":{"line":7,"column":43}},"1":{"start":{"line":10,"column":2},"end":{"line":16,"column":4}}},"fnMap":{"0":{"name":"App","decl":{"start":{"line":6,"column":9},"end":{"line":6,"column":12}},"loc":{"start":{"line":6,"column":15},"end":{"line":17,"column":1}},"line":6}},"branchMap":{},"s":{"0":0,"1":0},"f":{"0":0},"b":{},"hash":"9107075d9f67f3282353c14cbe9fc4dac9d282cb"}
,"C:\\Users\\marad\\Documents\\GitHub\\instant\\frontend\\src\\index.js": {"path":"C:\\Users\\marad\\Documents\\GitHub\\instant\\frontend\\src\\index.js","statementMap":{"0":{"start":{"line":9,"column":0},"end":{"line":16,"column":2}}},"fnMap":{},"branchMap":{},"s":{"0":0},"f":{},"b":{},"hash":"6275b4a7d3289e4c0064857d6b370f0723d5f642"}
,"C:\\Users\\marad\\Documents\\GitHub\\instant\\frontend\\src\\components\\bgAnimation\\index.js": {"path":"C:\\Users\\marad\\Documents\\GitHub\\instant\\frontend\\src\\components\\bgAnimation\\index.js","statementMap":{"0":{"start":{"line":4,"column":2},"end":{"line":11,"column":4}}},"fnMap":{"0":{"name":"BgAnimation","decl":{"start":{"line":3,"column":24},"end":{"line":3,"column":35}},"loc":{"start":{"line":3,"column":38},"end":{"line":12,"column":1}},"line":3}},"branchMap":{},"s":{"0":0},"f":{"0":0},"b":{},"hash":"773e94e6bf4f8b386541f96b084c8f7fc0744a3e"}
,"C:\\Users\\marad\\Documents\\GitHub\\instant\\frontend\\src\\components\\button\\index.js": {"path":"C:\\Users\\marad\\Documents\\GitHub\\instant\\frontend\\src\\components\\button\\index.js","statementMap":{"0":{"start":{"line":6,"column":19},"end":{"line":6,"column":25}},"1":{"start":{"line":7,"column":24},"end":{"line":7,"column":33}},"2":{"start":{"line":8,"column":24},"end":{"line":8,"column":33}},"3":{"start":{"line":9,"column":24},"end":{"line":9,"column":33}},"4":{"start":{"line":11,"column":24},"end":{"line":18,"column":3}},"5":{"start":{"line":12,"column":4},"end":{"line":16,"column":5}},"6":{"start":{"line":13,"column":6},"end":{"line":13,"column":26}},"7":{"start":{"line":14,"column":10},"end":{"line":16,"column":5}},"8":{"start":{"line":15,"column":6},"end":{"line":15,"column":27}},"9":{"start":{"line":17,"column":4},"end":{"line":17,"column":24}},"10":{"start":{"line":20,"column":2},"end":{"line":22,"column":4}}},"fnMap":{"0":{"name":"Button","decl":{"start":{"line":5,"column":24},"end":{"line":5,"column":30}},"loc":{"start":{"line":5,"column":38},"end":{"line":23,"column":1}},"line":5},"1":{"name":"(anonymous_1)","decl":{"start":{"line":11,"column":24},"end":{"line":11,"column":25}},"loc":{"start":{"line":11,"column":29},"end":{"line":18,"column":3}},"line":11}},"branchMap":{"0":{"loc":{"start":{"line":12,"column":4},"end":{"line":16,"column":5}},"type":"if","locations":[{"start":{"line":12,"column":4},"end":{"line":16,"column":5}},{"start":{"line":12,"column":4},"end":{"line":16,"column":5}}],"line":12},"1":{"loc":{"start":{"line":14,"column":10},"end":{"line":16,"column":5}},"type":"if","locations":[{"start":{"line":14,"column":10},"end":{"line":16,"column":5}},{"start":{"line":14,"column":10},"end":{"line":16,"column":5}}],"line":14}},"s":{"0":9,"1":9,"2":9,"3":9,"4":9,"5":9,"6":0,"7":9,"8":0,"9":9,"10":9},"f":{"0":9,"1":9},"b":{"0":[0,9],"1":[0,9]},"_coverageSchema":"43e27e138ebf9cfc5966b082cf9a028302ed4184","hash":"af1096f4ed97e4ca17f61f997755d78ab084732f"}
,"C:\\Users\\marad\\Documents\\GitHub\\instant\\frontend\\src\\components\\button\\styles.js": {"path":"C:\\Users\\marad\\Documents\\GitHub\\instant\\frontend\\src\\components\\button\\styles.js","statementMap":{"0":{"start":{"line":4,"column":28},"end":{"line":28,"column":1}},"1":{"start":{"line":7,"column":34},"end":{"line":7,"column":51}},"2":{"start":{"line":8,"column":23},"end":{"line":8,"column":38}}},"fnMap":{"0":{"name":"(anonymous_0)","decl":{"start":{"line":7,"column":24},"end":{"line":7,"column":25}},"loc":{"start":{"line":7,"column":34},"end":{"line":7,"column":51}},"line":7},"1":{"name":"(anonymous_1)","decl":{"start":{"line":8,"column":13},"end":{"line":8,"column":14}},"loc":{"start":{"line":8,"column":23},"end":{"line":8,"column":38}},"line":8}},"branchMap":{},"s":{"0":1,"1":9,"2":9},"f":{"0":9,"1":9},"b":{},"_coverageSchema":"43e27e138ebf9cfc5966b082cf9a028302ed4184","hash":"60b6c317993ad9b1b00be82c79e32910b26d0d7f"}
,"C:\\Users\\marad\\Documents\\GitHub\\instant\\frontend\\src\\components\\deleteData\\index.js": {"path":"C:\\Users\\marad\\Documents\\GitHub\\instant\\frontend\\src\\components\\deleteData\\index.js","statementMap":{"0":{"start":{"line":12,"column":19},"end":{"line":12,"column":32}},"1":{"start":{"line":13,"column":25},"end":{"line":13,"column":52}},"2":{"start":{"line":13,"column":46},"end":{"line":13,"column":51}},"3":{"start":{"line":15,"column":24},"end":{"line":18,"column":3}},"4":{"start":{"line":16,"column":4},"end":{"line":16,"column":46}},"5":{"start":{"line":17,"column":4},"end":{"line":17,"column":25}},"6":{"start":{"line":21,"column":2},"end":{"line":31,"column":4}},"7":{"start":{"line":23,"column":43},"end":{"line":23,"column":64}}},"fnMap":{"0":{"name":"DeleteData","decl":{"start":{"line":11,"column":24},"end":{"line":11,"column":34}},"loc":{"start":{"line":11,"column":42},"end":{"line":32,"column":1}},"line":11},"1":{"name":"(anonymous_1)","decl":{"start":{"line":13,"column":37},"end":{"line":13,"column":38}},"loc":{"start":{"line":13,"column":46},"end":{"line":13,"column":51}},"line":13},"2":{"name":"(anonymous_2)","decl":{"start":{"line":15,"column":24},"end":{"line":15,"column":25}},"loc":{"start":{"line":15,"column":36},"end":{"line":18,"column":3}},"line":15},"3":{"name":"(anonymous_3)","decl":{"start":{"line":23,"column":38},"end":{"line":23,"column":39}},"loc":{"start":{"line":23,"column":43},"end":{"line":23,"column":64}},"line":23}},"branchMap":{},"s":{"0":0,"1":0,"2":0,"3":0,"4":0,"5":0,"6":0,"7":0},"f":{"0":0,"1":0,"2":0,"3":0},"b":{},"hash":"2139a14108c5b7a5fef8836be4cd2737fd1eb7cc"}
,"C:\\Users\\marad\\Documents\\GitHub\\instant\\frontend\\src\\components\\editData\\index.js": {"path":"C:\\Users\\marad\\Documents\\GitHub\\instant\\frontend\\src\\components\\editData\\index.js","statementMap":{"0":{"start":{"line":14,"column":19},"end":{"line":14,"column":32}},"1":{"start":{"line":15,"column":25},"end":{"line":15,"column":52}},"2":{"start":{"line":15,"column":46},"end":{"line":15,"column":51}},"3":{"start":{"line":17,"column":28},"end":{"line":17,"column":68}},"4":{"start":{"line":18,"column":36},"end":{"line":18,"column":80}},"5":{"start":{"line":19,"column":36},"end":{"line":19,"column":80}},"6":{"start":{"line":20,"column":30},"end":{"line":20,"column":71}},"7":{"start":{"line":22,"column":21},"end":{"line":32,"column":3}},"8":{"start":{"line":23,"column":4},"end":{"line":23,"column":22}},"9":{"start":{"line":25,"column":17},"end":{"line":25,"column":44}},"10":{"start":{"line":27,"column":4},"end":{"line":30,"column":5}},"11":{"start":{"line":28,"column":6},"end":{"line":28,"column":40}},"12":{"start":{"line":29,"column":6},"end":{"line":29,"column":27}},"13":{"start":{"line":34,"column":24},"end":{"line":43,"column":3}},"14":{"start":{"line":35,"column":17},"end":{"line":35,"column":24}},"15":{"start":{"line":37,"column":4},"end":{"line":37,"column":38}},"16":{"start":{"line":38,"column":4},"end":{"line":38,"column":46}},"17":{"start":{"line":39,"column":4},"end":{"line":39,"column":46}},"18":{"start":{"line":40,"column":4},"end":{"line":40,"column":40}},"19":{"start":{"line":42,"column":4},"end":{"line":42,"column":15}},"20":{"start":{"line":45,"column":2},"end":{"line":73,"column":4}},"21":{"start":{"line":47,"column":40},"end":{"line":47,"column":61}},"22":{"start":{"line":67,"column":79},"end":{"line":67,"column":92}}},"fnMap":{"0":{"name":"EditData","decl":{"start":{"line":13,"column":24},"end":{"line":13,"column":32}},"loc":{"start":{"line":13,"column":40},"end":{"line":74,"column":1}},"line":13},"1":{"name":"(anonymous_1)","decl":{"start":{"line":15,"column":37},"end":{"line":15,"column":38}},"loc":{"start":{"line":15,"column":46},"end":{"line":15,"column":51}},"line":15},"2":{"name":"(anonymous_2)","decl":{"start":{"line":22,"column":21},"end":{"line":22,"column":22}},"loc":{"start":{"line":22,"column":34},"end":{"line":32,"column":3}},"line":22},"3":{"name":"(anonymous_3)","decl":{"start":{"line":34,"column":24},"end":{"line":34,"column":25}},"loc":{"start":{"line":34,"column":37},"end":{"line":43,"column":3}},"line":34},"4":{"name":"(anonymous_4)","decl":{"start":{"line":47,"column":36},"end":{"line":47,"column":37}},"loc":{"start":{"line":47,"column":40},"end":{"line":47,"column":61}},"line":47},"5":{"name":"(anonymous_5)","decl":{"start":{"line":67,"column":74},"end":{"line":67,"column":75}},"loc":{"start":{"line":67,"column":79},"end":{"line":67,"column":92}},"line":67}},"branchMap":{"0":{"loc":{"start":{"line":27,"column":4},"end":{"line":30,"column":5}},"type":"if","locations":[{"start":{"line":27,"column":4},"end":{"line":30,"column":5}},{"start":{"line":27,"column":4},"end":{"line":30,"column":5}}],"line":27}},"s":{"0":0,"1":0,"2":0,"3":0,"4":0,"5":0,"6":0,"7":0,"8":0,"9":0,"10":0,"11":0,"12":0,"13":0,"14":0,"15":0,"16":0,"17":0,"18":0,"19":0,"20":0,"21":0,"22":0},"f":{"0":0,"1":0,"2":0,"3":0,"4":0,"5":0},"b":{"0":[0,0]},"hash":"9d8781a51b2bd64f46518530eae875d1e5e0d35a"}
,"C:\\Users\\marad\\Documents\\GitHub\\instant\\frontend\\src\\components\\header\\index.js": {"path":"C:\\Users\\marad\\Documents\\GitHub\\instant\\frontend\\src\\components\\header\\index.js","statementMap":{"0":{"start":{"line":8,"column":2},"end":{"line":12,"column":4}}},"fnMap":{"0":{"name":"Header","decl":{"start":{"line":7,"column":24},"end":{"line":7,"column":30}},"loc":{"start":{"line":7,"column":33},"end":{"line":13,"column":1}},"line":7}},"branchMap":{},"s":{"0":0},"f":{"0":0},"b":{},"hash":"fd8beea42d942721eef329cd06e090bc8f892c06"}
,"C:\\Users\\marad\\Documents\\GitHub\\instant\\frontend\\src\\components\\inputData\\index.js": {"path":"C:\\Users\\marad\\Documents\\GitHub\\instant\\frontend\\src\\components\\inputData\\index.js","statementMap":{"0":{"start":{"line":13,"column":19},"end":{"line":13,"column":32}},"1":{"start":{"line":15,"column":24},"end":{"line":15,"column":36}},"2":{"start":{"line":16,"column":28},"end":{"line":16,"column":40}},"3":{"start":{"line":17,"column":36},"end":{"line":17,"column":48}},"4":{"start":{"line":18,"column":36},"end":{"line":18,"column":48}},"5":{"start":{"line":19,"column":30},"end":{"line":19,"column":42}},"6":{"start":{"line":21,"column":19},"end":{"line":31,"column":3}},"7":{"start":{"line":22,"column":4},"end":{"line":22,"column":22}},"8":{"start":{"line":24,"column":17},"end":{"line":24,"column":33}},"9":{"start":{"line":26,"column":4},"end":{"line":29,"column":5}},"10":{"start":{"line":27,"column":6},"end":{"line":27,"column":37}},"11":{"start":{"line":28,"column":6},"end":{"line":28,"column":27}},"12":{"start":{"line":33,"column":25},"end":{"line":44,"column":3}},"13":{"start":{"line":34,"column":17},"end":{"line":42,"column":5}},"14":{"start":{"line":43,"column":4},"end":{"line":43,"column":15}},"15":{"start":{"line":46,"column":20},"end":{"line":50,"column":3}},"16":{"start":{"line":47,"column":18},"end":{"line":47,"column":39}},"17":{"start":{"line":48,"column":30},"end":{"line":48,"column":45}},"18":{"start":{"line":49,"column":4},"end":{"line":49,"column":53}},"19":{"start":{"line":52,"column":26},"end":{"line":55,"column":3}},"20":{"start":{"line":53,"column":17},"end":{"line":53,"column":31}},"21":{"start":{"line":54,"column":4},"end":{"line":54,"column":52}},"22":{"start":{"line":58,"column":2},"end":{"line":90,"column":4}},"23":{"start":{"line":60,"column":40},"end":{"line":60,"column":61}},"24":{"start":{"line":84,"column":79},"end":{"line":84,"column":90}}},"fnMap":{"0":{"name":"InputData","decl":{"start":{"line":12,"column":24},"end":{"line":12,"column":33}},"loc":{"start":{"line":12,"column":41},"end":{"line":91,"column":1}},"line":12},"1":{"name":"(anonymous_1)","decl":{"start":{"line":21,"column":19},"end":{"line":21,"column":20}},"loc":{"start":{"line":21,"column":32},"end":{"line":31,"column":3}},"line":21},"2":{"name":"(anonymous_2)","decl":{"start":{"line":33,"column":25},"end":{"line":33,"column":26}},"loc":{"start":{"line":33,"column":31},"end":{"line":44,"column":3}},"line":33},"3":{"name":"(anonymous_3)","decl":{"start":{"line":46,"column":20},"end":{"line":46,"column":21}},"loc":{"start":{"line":46,"column":29},"end":{"line":50,"column":3}},"line":46},"4":{"name":"(anonymous_4)","decl":{"start":{"line":52,"column":26},"end":{"line":52,"column":27}},"loc":{"start":{"line":52,"column":35},"end":{"line":55,"column":3}},"line":52},"5":{"name":"(anonymous_5)","decl":{"start":{"line":60,"column":36},"end":{"line":60,"column":37}},"loc":{"start":{"line":60,"column":40},"end":{"line":60,"column":61}},"line":60},"6":{"name":"(anonymous_6)","decl":{"start":{"line":84,"column":74},"end":{"line":84,"column":75}},"loc":{"start":{"line":84,"column":79},"end":{"line":84,"column":90}},"line":84}},"branchMap":{"0":{"loc":{"start":{"line":26,"column":4},"end":{"line":29,"column":5}},"type":"if","locations":[{"start":{"line":26,"column":4},"end":{"line":29,"column":5}},{"start":{"line":26,"column":4},"end":{"line":29,"column":5}}],"line":26}},"s":{"0":9,"1":9,"2":9,"3":9,"4":9,"5":9,"6":9,"7":0,"8":0,"9":0,"10":0,"11":0,"12":9,"13":0,"14":0,"15":9,"16":0,"17":0,"18":0,"19":9,"20":0,"21":0,"22":9,"23":0,"24":0},"f":{"0":9,"1":0,"2":0,"3":0,"4":0,"5":0,"6":0},"b":{"0":[0,0]},"_coverageSchema":"43e27e138ebf9cfc5966b082cf9a028302ed4184","hash":"254c48b72ed25aa79b187ebad25b297a48a4950d"}
,"C:\\Users\\marad\\Documents\\GitHub\\instant\\frontend\\src\\components\\inputField\\index.js": {"path":"C:\\Users\\marad\\Documents\\GitHub\\instant\\frontend\\src\\components\\inputField\\index.js","statementMap":{"0":{"start":{"line":6,"column":26},"end":{"line":6,"column":68}},"1":{"start":{"line":9,"column":4},"end":{"line":9,"column":19}},"2":{"start":{"line":11,"column":4},"end":{"line":14,"column":5}},"3":{"start":{"line":13,"column":6},"end":{"line":13,"column":30}},"4":{"start":{"line":15,"column":6},"end":{"line":15,"column":30}},"5":{"start":{"line":19,"column":4},"end":{"line":21,"column":5}},"6":{"start":{"line":20,"column":6},"end":{"line":20,"column":43}},"7":{"start":{"line":22,"column":6},"end":{"line":22,"column":44}},"8":{"start":{"line":26,"column":19},"end":{"line":26,"column":38}},"9":{"start":{"line":27,"column":4},"end":{"line":30,"column":5}},"10":{"start":{"line":28,"column":6},"end":{"line":28,"column":20}},"11":{"start":{"line":34,"column":19},"end":{"line":34,"column":48}},"12":{"start":{"line":35,"column":21},"end":{"line":35,"column":50}},"13":{"start":{"line":36,"column":19},"end":{"line":36,"column":44}},"14":{"start":{"line":39,"column":4},"end":{"line":41,"column":5}},"15":{"start":{"line":40,"column":6},"end":{"line":40,"column":20}},"16":{"start":{"line":44,"column":4},"end":{"line":44,"column":15}},"17":{"start":{"line":45,"column":18},"end":{"line":45,"column":32}},"18":{"start":{"line":46,"column":21},"end":{"line":46,"column":44}},"19":{"start":{"line":47,"column":19},"end":{"line":47,"column":34}},"20":{"start":{"line":49,"column":4},"end":{"line":62,"column":5}},"21":{"start":{"line":50,"column":6},"end":{"line":60,"column":7}},"22":{"start":{"line":51,"column":8},"end":{"line":57,"column":9}},"23":{"start":{"line":52,"column":10},"end":{"line":52,"column":28}},"24":{"start":{"line":53,"column":14},"end":{"line":57,"column":9}},"25":{"start":{"line":54,"column":10},"end":{"line":54,"column":54}},"26":{"start":{"line":56,"column":10},"end":{"line":56,"column":22}},"27":{"start":{"line":58,"column":12},"end":{"line":60,"column":7}},"28":{"start":{"line":59,"column":8},"end":{"line":59,"column":44}},"29":{"start":{"line":63,"column":4},"end":{"line":63,"column":28}},"30":{"start":{"line":68,"column":2},"end":{"line":70,"column":4}},"31":{"start":{"line":69,"column":54},"end":{"line":69,"column":69}},"32":{"start":{"line":69,"column":86},"end":{"line":69,"column":105}}},"fnMap":{"0":{"name":"InputField","decl":{"start":{"line":5,"column":24},"end":{"line":5,"column":34}},"loc":{"start":{"line":5,"column":42},"end":{"line":71,"column":1}},"line":5},"1":{"name":"blurFunction","decl":{"start":{"line":8,"column":11},"end":{"line":8,"column":23}},"loc":{"start":{"line":8,"column":27},"end":{"line":17,"column":3}},"line":8},"2":{"name":"onchangeFunction","decl":{"start":{"line":18,"column":11},"end":{"line":18,"column":27}},"loc":{"start":{"line":18,"column":31},"end":{"line":24,"column":3}},"line":18},"3":{"name":"checkDateValue","decl":{"start":{"line":25,"column":11},"end":{"line":25,"column":25}},"loc":{"start":{"line":25,"column":29},"end":{"line":31,"column":3}},"line":25},"4":{"name":"checkTimeValue","decl":{"start":{"line":32,"column":11},"end":{"line":32,"column":25}},"loc":{"start":{"line":32,"column":29},"end":{"line":42,"column":3}},"line":32},"5":{"name":"setTimeValue","decl":{"start":{"line":43,"column":11},"end":{"line":43,"column":23}},"loc":{"start":{"line":43,"column":27},"end":{"line":64,"column":3}},"line":43},"6":{"name":"(anonymous_6)","decl":{"start":{"line":69,"column":49},"end":{"line":69,"column":50}},"loc":{"start":{"line":69,"column":54},"end":{"line":69,"column":69}},"line":69},"7":{"name":"(anonymous_7)","decl":{"start":{"line":69,"column":81},"end":{"line":69,"column":82}},"loc":{"start":{"line":69,"column":86},"end":{"line":69,"column":105}},"line":69}},"branchMap":{"0":{"loc":{"start":{"line":6,"column":35},"end":{"line":6,"column":67}},"type":"cond-expr","locations":[{"start":{"line":6,"column":55},"end":{"line":6,"column":60}},{"start":{"line":6,"column":61},"end":{"line":6,"column":67}}],"line":6},"1":{"loc":{"start":{"line":11,"column":4},"end":{"line":14,"column":5}},"type":"if","locations":[{"start":{"line":11,"column":4},"end":{"line":14,"column":5}},{"start":{"line":11,"column":4},"end":{"line":14,"column":5}}],"line":11},"2":{"loc":{"start":{"line":19,"column":4},"end":{"line":21,"column":5}},"type":"if","locations":[{"start":{"line":19,"column":4},"end":{"line":21,"column":5}},{"start":{"line":19,"column":4},"end":{"line":21,"column":5}}],"line":19},"3":{"loc":{"start":{"line":27,"column":4},"end":{"line":30,"column":5}},"type":"if","locations":[{"start":{"line":27,"column":4},"end":{"line":30,"column":5}},{"start":{"line":27,"column":4},"end":{"line":30,"column":5}}],"line":27},"4":{"loc":{"start":{"line":39,"column":4},"end":{"line":41,"column":5}},"type":"if","locations":[{"start":{"line":39,"column":4},"end":{"line":41,"column":5}},{"start":{"line":39,"column":4},"end":{"line":41,"column":5}}],"line":39},"5":{"loc":{"start":{"line":39,"column":7},"end":{"line":39,"column":34}},"type":"binary-expr","locations":[{"start":{"line":39,"column":7},"end":{"line":39,"column":14}},{"start":{"line":39,"column":16},"end":{"line":39,"column":25}},{"start":{"line":39,"column":27},"end":{"line":39,"column":34}}],"line":39},"6":{"loc":{"start":{"line":49,"column":4},"end":{"line":62,"column":5}},"type":"if","locations":[{"start":{"line":49,"column":4},"end":{"line":62,"column":5}},{"start":{"line":49,"column":4},"end":{"line":62,"column":5}}],"line":49},"7":{"loc":{"start":{"line":50,"column":6},"end":{"line":60,"column":7}},"type":"if","locations":[{"start":{"line":50,"column":6},"end":{"line":60,"column":7}},{"start":{"line":50,"column":6},"end":{"line":60,"column":7}}],"line":50},"8":{"loc":{"start":{"line":51,"column":8},"end":{"line":57,"column":9}},"type":"if","locations":[{"start":{"line":51,"column":8},"end":{"line":57,"column":9}},{"start":{"line":51,"column":8},"end":{"line":57,"column":9}}],"line":51},"9":{"loc":{"start":{"line":53,"column":14},"end":{"line":57,"column":9}},"type":"if","locations":[{"start":{"line":53,"column":14},"end":{"line":57,"column":9}},{"start":{"line":53,"column":14},"end":{"line":57,"column":9}}],"line":53},"10":{"loc":{"start":{"line":53,"column":17},"end":{"line":53,"column":86}},"type":"binary-expr","locations":[{"start":{"line":53,"column":17},"end":{"line":53,"column":33}},{"start":{"line":53,"column":37},"end":{"line":53,"column":86}}],"line":53},"11":{"loc":{"start":{"line":58,"column":12},"end":{"line":60,"column":7}},"type":"if","locations":[{"start":{"line":58,"column":12},"end":{"line":60,"column":7}},{"start":{"line":58,"column":12},"end":{"line":60,"column":7}}],"line":58}},"s":{"0":50,"1":5,"2":5,"3":1,"4":4,"5":6,"6":2,"7":4,"8":1,"9":1,"10":1,"11":4,"12":4,"13":4,"14":4,"15":4,"16":4,"17":4,"18":4,"19":4,"20":4,"21":4,"22":4,"23":0,"24":4,"25":0,"26":4,"27":0,"28":0,"29":0,"30":50,"31":5,"32":6},"f":{"0":50,"1":5,"2":6,"3":1,"4":4,"5":4,"6":5,"7":6},"b":{"0":[10,40],"1":[1,4],"2":[2,4],"3":[1,0],"4":[4,0],"5":[4,4,4],"6":[4,0],"7":[4,0],"8":[0,4],"9":[0,4],"10":[4,0],"11":[0,0]},"_coverageSchema":"43e27e138ebf9cfc5966b082cf9a028302ed4184","hash":"9854c96549b89abb003a98ad8bd07ec2665a1b59"}
,"C:\\Users\\marad\\Documents\\GitHub\\instant\\frontend\\src\\components\\inputField\\styles.js": {"path":"C:\\Users\\marad\\Documents\\GitHub\\instant\\frontend\\src\\components\\inputField\\styles.js","statementMap":{"0":{"start":{"line":2,"column":17},"end":{"line":2,"column":26}},"1":{"start":{"line":3,"column":22},"end":{"line":3,"column":31}},"2":{"start":{"line":4,"column":22},"end":{"line":4,"column":31}},"3":{"start":{"line":6,"column":21},"end":{"line":38,"column":1}},"4":{"start":{"line":12,"column":31},"end":{"line":12,"column":111}},"5":{"start":{"line":15,"column":23},"end":{"line":15,"column":69}},"6":{"start":{"line":16,"column":27},"end":{"line":16,"column":84}},"7":{"start":{"line":19,"column":26},"end":{"line":19,"column":76}}},"fnMap":{"0":{"name":"(anonymous_0)","decl":{"start":{"line":12,"column":21},"end":{"line":12,"column":22}},"loc":{"start":{"line":12,"column":31},"end":{"line":12,"column":111}},"line":12},"1":{"name":"(anonymous_1)","decl":{"start":{"line":15,"column":13},"end":{"line":15,"column":14}},"loc":{"start":{"line":15,"column":23},"end":{"line":15,"column":69}},"line":15},"2":{"name":"(anonymous_2)","decl":{"start":{"line":16,"column":17},"end":{"line":16,"column":18}},"loc":{"start":{"line":16,"column":27},"end":{"line":16,"column":84}},"line":16},"3":{"name":"(anonymous_3)","decl":{"start":{"line":19,"column":16},"end":{"line":19,"column":17}},"loc":{"start":{"line":19,"column":26},"end":{"line":19,"column":76}},"line":19}},"branchMap":{"0":{"loc":{"start":{"line":12,"column":31},"end":{"line":12,"column":111}},"type":"cond-expr","locations":[{"start":{"line":12,"column":51},"end":{"line":12,"column":80}},{"start":{"line":12,"column":83},"end":{"line":12,"column":111}}],"line":12},"1":{"loc":{"start":{"line":15,"column":23},"end":{"line":15,"column":69}},"type":"cond-expr","locations":[{"start":{"line":15,"column":43},"end":{"line":15,"column":57}},{"start":{"line":15,"column":60},"end":{"line":15,"column":69}}],"line":15},"2":{"loc":{"start":{"line":16,"column":27},"end":{"line":16,"column":84}},"type":"cond-expr","locations":[{"start":{"line":16,"column":47},"end":{"line":16,"column":75}},{"start":{"line":16,"column":78},"end":{"line":16,"column":84}}],"line":16},"3":{"loc":{"start":{"line":19,"column":26},"end":{"line":19,"column":76}},"type":"cond-expr","locations":[{"start":{"line":19,"column":46},"end":{"line":19,"column":60}},{"start":{"line":19,"column":62},"end":{"line":19,"column":76}}],"line":19}},"s":{"0":1,"1":1,"2":1,"3":1,"4":49,"5":49,"6":49,"7":49},"f":{"0":49,"1":49,"2":49,"3":49},"b":{"0":[33,16],"1":[33,16],"2":[33,16],"3":[33,16]},"_coverageSchema":"43e27e138ebf9cfc5966b082cf9a028302ed4184","hash":"eb0e7738a193c003921266629a25493915d4e932"}
,"C:\\Users\\marad\\Documents\\GitHub\\instant\\frontend\\src\\components\\itemRecord\\index.js": {"path":"C:\\Users\\marad\\Documents\\GitHub\\instant\\frontend\\src\\components\\itemRecord\\index.js","statementMap":{"0":{"start":{"line":13,"column":19},"end":{"line":13,"column":32}},"1":{"start":{"line":14,"column":24},"end":{"line":14,"column":51}},"2":{"start":{"line":14,"column":45},"end":{"line":14,"column":50}},"3":{"start":{"line":16,"column":17},"end":{"line":16,"column":22}},"4":{"start":{"line":18,"column":20},"end":{"line":18,"column":75}},"5":{"start":{"line":19,"column":20},"end":{"line":19,"column":77}},"6":{"start":{"line":20,"column":19},"end":{"line":20,"column":50}},"7":{"start":{"line":22,"column":22},"end":{"line":25,"column":3}},"8":{"start":{"line":23,"column":4},"end":{"line":23,"column":40}},"9":{"start":{"line":27,"column":20},"end":{"line":30,"column":3}},"10":{"start":{"line":28,"column":4},"end":{"line":28,"column":30}},"11":{"start":{"line":29,"column":4},"end":{"line":29,"column":28}},"12":{"start":{"line":32,"column":19},"end":{"line":35,"column":3}},"13":{"start":{"line":33,"column":4},"end":{"line":33,"column":30}},"14":{"start":{"line":34,"column":4},"end":{"line":34,"column":26}},"15":{"start":{"line":38,"column":2},"end":{"line":69,"column":4}},"16":{"start":{"line":62,"column":44},"end":{"line":62,"column":58}},"17":{"start":{"line":63,"column":44},"end":{"line":63,"column":59}}},"fnMap":{"0":{"name":"ItemRecord","decl":{"start":{"line":12,"column":24},"end":{"line":12,"column":34}},"loc":{"start":{"line":12,"column":42},"end":{"line":70,"column":1}},"line":12},"1":{"name":"(anonymous_1)","decl":{"start":{"line":14,"column":36},"end":{"line":14,"column":37}},"loc":{"start":{"line":14,"column":45},"end":{"line":14,"column":50}},"line":14},"2":{"name":"(anonymous_2)","decl":{"start":{"line":22,"column":22},"end":{"line":22,"column":23}},"loc":{"start":{"line":22,"column":31},"end":{"line":25,"column":3}},"line":22},"3":{"name":"(anonymous_3)","decl":{"start":{"line":27,"column":20},"end":{"line":27,"column":21}},"loc":{"start":{"line":27,"column":30},"end":{"line":30,"column":3}},"line":27},"4":{"name":"(anonymous_4)","decl":{"start":{"line":32,"column":19},"end":{"line":32,"column":20}},"loc":{"start":{"line":32,"column":29},"end":{"line":35,"column":3}},"line":32},"5":{"name":"(anonymous_5)","decl":{"start":{"line":62,"column":38},"end":{"line":62,"column":39}},"loc":{"start":{"line":62,"column":44},"end":{"line":62,"column":58}},"line":62},"6":{"name":"(anonymous_6)","decl":{"start":{"line":63,"column":38},"end":{"line":63,"column":39}},"loc":{"start":{"line":63,"column":44},"end":{"line":63,"column":59}},"line":63}},"branchMap":{},"s":{"0":0,"1":0,"2":0,"3":0,"4":0,"5":0,"6":0,"7":0,"8":0,"9":0,"10":0,"11":0,"12":0,"13":0,"14":0,"15":0,"16":0,"17":0},"f":{"0":0,"1":0,"2":0,"3":0,"4":0,"5":0,"6":0},"b":{},"hash":"38c3ebc7fa9e79790f7b7df67ddbcb7a9890130f"}
,"C:\\Users\\marad\\Documents\\GitHub\\instant\\frontend\\src\\components\\itemRecord\\styles.js": {"path":"C:\\Users\\marad\\Documents\\GitHub\\instant\\frontend\\src\\components\\itemRecord\\styles.js","statementMap":{"0":{"start":{"line":3,"column":17},"end":{"line":3,"column":26}},"1":{"start":{"line":4,"column":16},"end":{"line":4,"column":25}},"2":{"start":{"line":6,"column":24},"end":{"line":16,"column":1}},"3":{"start":{"line":8,"column":24},"end":{"line":8,"column":55}},"4":{"start":{"line":13,"column":26},"end":{"line":13,"column":48}}},"fnMap":{"0":{"name":"(anonymous_0)","decl":{"start":{"line":8,"column":14},"end":{"line":8,"column":15}},"loc":{"start":{"line":8,"column":24},"end":{"line":8,"column":55}},"line":8},"1":{"name":"(anonymous_1)","decl":{"start":{"line":13,"column":16},"end":{"line":13,"column":17}},"loc":{"start":{"line":13,"column":26},"end":{"line":13,"column":48}},"line":13}},"branchMap":{"0":{"loc":{"start":{"line":8,"column":24},"end":{"line":8,"column":55}},"type":"cond-expr","locations":[{"start":{"line":8,"column":39},"end":{"line":8,"column":47}},{"start":{"line":8,"column":48},"end":{"line":8,"column":55}}],"line":8},"1":{"loc":{"start":{"line":13,"column":26},"end":{"line":13,"column":48}},"type":"cond-expr","locations":[{"start":{"line":13,"column":41},"end":{"line":13,"column":44}},{"start":{"line":13,"column":45},"end":{"line":13,"column":48}}],"line":13}},"s":{"0":0,"1":0,"2":0,"3":0,"4":0},"f":{"0":0,"1":0},"b":{"0":[0,0],"1":[0,0]},"hash":"1ab45dc61c96c93db45f3041f67d4ee8ac5b8596"}
,"C:\\Users\\marad\\Documents\\GitHub\\instant\\frontend\\src\\components\\mainContent\\index.js": {"path":"C:\\Users\\marad\\Documents\\GitHub\\instant\\frontend\\src\\components\\mainContent\\index.js","statementMap":{"0":{"start":{"line":14,"column":19},"end":{"line":14,"column":32}},"1":{"start":{"line":15,"column":20},"end":{"line":15,"column":47}},"2":{"start":{"line":15,"column":41},"end":{"line":15,"column":46}},"3":{"start":{"line":17,"column":34},"end":{"line":17,"column":49}},"4":{"start":{"line":20,"column":18},"end":{"line":20,"column":39}},"5":{"start":{"line":22,"column":22},"end":{"line":24,"column":6}},"6":{"start":{"line":23,"column":6},"end":{"line":23,"column":77}},"7":{"start":{"line":26,"column":4},"end":{"line":28,"column":5}},"8":{"start":{"line":27,"column":6},"end":{"line":27,"column":30}},"9":{"start":{"line":29,"column":4},"end":{"line":29,"column":22}},"10":{"start":{"line":32,"column":31},"end":{"line":38,"column":3}},"11":{"start":{"line":33,"column":16},"end":{"line":33,"column":31}},"12":{"start":{"line":34,"column":4},"end":{"line":34,"column":22}},"13":{"start":{"line":36,"column":4},"end":{"line":36,"column":36}},"14":{"start":{"line":40,"column":2},"end":{"line":42,"column":16}},"15":{"start":{"line":41,"column":4},"end":{"line":41,"column":37}},"16":{"start":{"line":44,"column":2},"end":{"line":48,"column":15}},"17":{"start":{"line":45,"column":4},"end":{"line":47,"column":5}},"18":{"start":{"line":46,"column":6},"end":{"line":46,"column":31}},"19":{"start":{"line":50,"column":2},"end":{"line":56,"column":4}}},"fnMap":{"0":{"name":"MainContent","decl":{"start":{"line":13,"column":24},"end":{"line":13,"column":35}},"loc":{"start":{"line":13,"column":43},"end":{"line":57,"column":1}},"line":13},"1":{"name":"(anonymous_1)","decl":{"start":{"line":15,"column":32},"end":{"line":15,"column":33}},"loc":{"start":{"line":15,"column":41},"end":{"line":15,"column":46}},"line":15},"2":{"name":"checkTodayRecord","decl":{"start":{"line":19,"column":11},"end":{"line":19,"column":27}},"loc":{"start":{"line":19,"column":34},"end":{"line":30,"column":3}},"line":19},"3":{"name":"(anonymous_3)","decl":{"start":{"line":22,"column":34},"end":{"line":22,"column":35}},"loc":{"start":{"line":22,"column":45},"end":{"line":24,"column":5}},"line":22},"4":{"name":"(anonymous_4)","decl":{"start":{"line":32,"column":31},"end":{"line":32,"column":32}},"loc":{"start":{"line":32,"column":41},"end":{"line":38,"column":3}},"line":32},"5":{"name":"(anonymous_5)","decl":{"start":{"line":40,"column":12},"end":{"line":40,"column":13}},"loc":{"start":{"line":40,"column":18},"end":{"line":42,"column":3}},"line":40},"6":{"name":"(anonymous_6)","decl":{"start":{"line":44,"column":12},"end":{"line":44,"column":13}},"loc":{"start":{"line":44,"column":18},"end":{"line":48,"column":3}},"line":44}},"branchMap":{"0":{"loc":{"start":{"line":26,"column":4},"end":{"line":28,"column":5}},"type":"if","locations":[{"start":{"line":26,"column":4},"end":{"line":28,"column":5}},{"start":{"line":26,"column":4},"end":{"line":28,"column":5}}],"line":26},"1":{"loc":{"start":{"line":45,"column":4},"end":{"line":47,"column":5}},"type":"if","locations":[{"start":{"line":45,"column":4},"end":{"line":47,"column":5}},{"start":{"line":45,"column":4},"end":{"line":47,"column":5}}],"line":45}},"s":{"0":0,"1":0,"2":0,"3":0,"4":0,"5":0,"6":0,"7":0,"8":0,"9":0,"10":0,"11":0,"12":0,"13":0,"14":0,"15":0,"16":0,"17":0,"18":0,"19":0},"f":{"0":0,"1":0,"2":0,"3":0,"4":0,"5":0,"6":0},"b":{"0":[0,0],"1":[0,0]},"hash":"e58c094301edff7f7e79ed0fb1edfe508deb917c"}
,"C:\\Users\\marad\\Documents\\GitHub\\instant\\frontend\\src\\components\\modalComponent\\index.js": {"path":"C:\\Users\\marad\\Documents\\GitHub\\instant\\frontend\\src\\components\\modalComponent\\index.js","statementMap":{"0":{"start":{"line":10,"column":2},"end":{"line":12,"column":3}},"1":{"start":{"line":11,"column":4},"end":{"line":11,"column":22}},"2":{"start":{"line":13,"column":23},"end":{"line":26,"column":3}},"3":{"start":{"line":14,"column":4},"end":{"line":17,"column":5}},"4":{"start":{"line":15,"column":6},"end":{"line":15,"column":50}},"5":{"start":{"line":18,"column":4},"end":{"line":21,"column":5}},"6":{"start":{"line":19,"column":6},"end":{"line":19,"column":52}},"7":{"start":{"line":22,"column":4},"end":{"line":25,"column":5}},"8":{"start":{"line":23,"column":6},"end":{"line":23,"column":51}},"9":{"start":{"line":28,"column":2},"end":{"line":35,"column":4}},"10":{"start":{"line":32,"column":32},"end":{"line":32,"column":53}}},"fnMap":{"0":{"name":"ModalComponent","decl":{"start":{"line":8,"column":24},"end":{"line":8,"column":38}},"loc":{"start":{"line":8,"column":46},"end":{"line":36,"column":1}},"line":8},"1":{"name":"(anonymous_1)","decl":{"start":{"line":13,"column":23},"end":{"line":13,"column":24}},"loc":{"start":{"line":13,"column":29},"end":{"line":26,"column":3}},"line":13},"2":{"name":"(anonymous_2)","decl":{"start":{"line":32,"column":27},"end":{"line":32,"column":28}},"loc":{"start":{"line":32,"column":32},"end":{"line":32,"column":53}},"line":32}},"branchMap":{"0":{"loc":{"start":{"line":10,"column":2},"end":{"line":12,"column":3}},"type":"if","locations":[{"start":{"line":10,"column":2},"end":{"line":12,"column":3}},{"start":{"line":10,"column":2},"end":{"line":12,"column":3}}],"line":10},"1":{"loc":{"start":{"line":14,"column":4},"end":{"line":17,"column":5}},"type":"if","locations":[{"start":{"line":14,"column":4},"end":{"line":17,"column":5}},{"start":{"line":14,"column":4},"end":{"line":17,"column":5}}],"line":14},"2":{"loc":{"start":{"line":18,"column":4},"end":{"line":21,"column":5}},"type":"if","locations":[{"start":{"line":18,"column":4},"end":{"line":21,"column":5}},{"start":{"line":18,"column":4},"end":{"line":21,"column":5}}],"line":18},"3":{"loc":{"start":{"line":22,"column":4},"end":{"line":25,"column":5}},"type":"if","locations":[{"start":{"line":22,"column":4},"end":{"line":25,"column":5}},{"start":{"line":22,"column":4},"end":{"line":25,"column":5}}],"line":22}},"s":{"0":0,"1":0,"2":0,"3":0,"4":0,"5":0,"6":0,"7":0,"8":0,"9":0,"10":0},"f":{"0":0,"1":0,"2":0},"b":{"0":[0,0],"1":[0,0],"2":[0,0],"3":[0,0]},"hash":"c1a5d327e9daf57aca7211a175999683f5d51e54"}
,"C:\\Users\\marad\\Documents\\GitHub\\instant\\frontend\\src\\components\\recordsFrom\\index.js": {"path":"C:\\Users\\marad\\Documents\\GitHub\\instant\\frontend\\src\\components\\recordsFrom\\index.js","statementMap":{"0":{"start":{"line":7,"column":20},"end":{"line":7,"column":47}},"1":{"start":{"line":7,"column":41},"end":{"line":7,"column":46}},"2":{"start":{"line":9,"column":22},"end":{"line":11,"column":3}},"3":{"start":{"line":10,"column":4},"end":{"line":10,"column":76}},"4":{"start":{"line":10,"column":34},"end":{"line":10,"column":75}},"5":{"start":{"line":12,"column":24},"end":{"line":12,"column":44}},"6":{"start":{"line":14,"column":2},"end":{"line":21,"column":4}},"7":{"start":{"line":18,"column":8},"end":{"line":18,"column":84}}},"fnMap":{"0":{"name":"RecordsFrom","decl":{"start":{"line":6,"column":24},"end":{"line":6,"column":35}},"loc":{"start":{"line":6,"column":43},"end":{"line":22,"column":1}},"line":6},"1":{"name":"(anonymous_1)","decl":{"start":{"line":7,"column":32},"end":{"line":7,"column":33}},"loc":{"start":{"line":7,"column":41},"end":{"line":7,"column":46}},"line":7},"2":{"name":"(anonymous_2)","decl":{"start":{"line":9,"column":22},"end":{"line":9,"column":23}},"loc":{"start":{"line":9,"column":34},"end":{"line":11,"column":3}},"line":9},"3":{"name":"(anonymous_3)","decl":{"start":{"line":10,"column":24},"end":{"line":10,"column":25}},"loc":{"start":{"line":10,"column":34},"end":{"line":10,"column":75}},"line":10},"4":{"name":"(anonymous_4)","decl":{"start":{"line":17,"column":26},"end":{"line":17,"column":27}},"loc":{"start":{"line":17,"column":36},"end":{"line":19,"column":7}},"line":17}},"branchMap":{},"s":{"0":0,"1":0,"2":0,"3":0,"4":0,"5":0,"6":0,"7":0},"f":{"0":0,"1":0,"2":0,"3":0,"4":0},"b":{},"hash":"60354c86eb8463cd9cdddd2f93b560f5277b837e"}
,"C:\\Users\\marad\\Documents\\GitHub\\instant\\frontend\\src\\components\\timeTracker\\index.js": {"path":"C:\\Users\\marad\\Documents\\GitHub\\instant\\frontend\\src\\components\\timeTracker\\index.js","statementMap":{"0":{"start":{"line":15,"column":19},"end":{"line":15,"column":32}},"1":{"start":{"line":17,"column":34},"end":{"line":17,"column":49}},"2":{"start":{"line":18,"column":40},"end":{"line":18,"column":63}},"3":{"start":{"line":19,"column":40},"end":{"line":19,"column":55}},"4":{"start":{"line":20,"column":42},"end":{"line":20,"column":52}},"5":{"start":{"line":21,"column":38},"end":{"line":21,"column":59}},"6":{"start":{"line":22,"column":28},"end":{"line":22,"column":39}},"7":{"start":{"line":23,"column":19},"end":{"line":23,"column":21}},"8":{"start":{"line":26,"column":21},"end":{"line":40,"column":3}},"9":{"start":{"line":27,"column":4},"end":{"line":27,"column":19}},"10":{"start":{"line":28,"column":4},"end":{"line":28,"column":58}},"11":{"start":{"line":30,"column":4},"end":{"line":30,"column":28}},"12":{"start":{"line":31,"column":4},"end":{"line":31,"column":24}},"13":{"start":{"line":32,"column":22},"end":{"line":32,"column":32}},"14":{"start":{"line":33,"column":4},"end":{"line":36,"column":11}},"15":{"start":{"line":35,"column":6},"end":{"line":35,"column":42}},"16":{"start":{"line":38,"column":4},"end":{"line":38,"column":36}},"17":{"start":{"line":39,"column":4},"end":{"line":39,"column":35}},"18":{"start":{"line":39,"column":24},"end":{"line":39,"column":34}},"19":{"start":{"line":41,"column":21},"end":{"line":49,"column":3}},"20":{"start":{"line":42,"column":4},"end":{"line":42,"column":64}},"21":{"start":{"line":44,"column":4},"end":{"line":44,"column":25}},"22":{"start":{"line":46,"column":4},"end":{"line":46,"column":35}},"23":{"start":{"line":47,"column":4},"end":{"line":47,"column":35}},"24":{"start":{"line":48,"column":4},"end":{"line":48,"column":34}},"25":{"start":{"line":48,"column":24},"end":{"line":48,"column":33}},"26":{"start":{"line":50,"column":20},"end":{"line":69,"column":3}},"27":{"start":{"line":51,"column":4},"end":{"line":51,"column":64}},"28":{"start":{"line":53,"column":4},"end":{"line":53,"column":24}},"29":{"start":{"line":55,"column":4},"end":{"line":55,"column":30}},"30":{"start":{"line":58,"column":4},"end":{"line":61,"column":6}},"31":{"start":{"line":59,"column":6},"end":{"line":59,"column":45}},"32":{"start":{"line":60,"column":6},"end":{"line":60,"column":27}},"33":{"start":{"line":63,"column":4},"end":{"line":65,"column":11}},"34":{"start":{"line":64,"column":6},"end":{"line":64,"column":41}},"35":{"start":{"line":67,"column":4},"end":{"line":67,"column":29}},"36":{"start":{"line":68,"column":4},"end":{"line":68,"column":33}},"37":{"start":{"line":68,"column":26},"end":{"line":68,"column":32}},"38":{"start":{"line":70,"column":17},"end":{"line":87,"column":3}},"39":{"start":{"line":72,"column":4},"end":{"line":72,"column":61}},"40":{"start":{"line":73,"column":4},"end":{"line":73,"column":43}},"41":{"start":{"line":74,"column":4},"end":{"line":74,"column":106}},"42":{"start":{"line":75,"column":4},"end":{"line":75,"column":40}},"43":{"start":{"line":79,"column":4},"end":{"line":79,"column":35}},"44":{"start":{"line":80,"column":4},"end":{"line":80,"column":15}},"45":{"start":{"line":81,"column":4},"end":{"line":81,"column":25}},"46":{"start":{"line":83,"column":4},"end":{"line":83,"column":33}},"47":{"start":{"line":84,"column":4},"end":{"line":84,"column":38}},"48":{"start":{"line":84,"column":25},"end":{"line":84,"column":35}},"49":{"start":{"line":86,"column":4},"end":{"line":86,"column":35}},"50":{"start":{"line":88,"column":23},"end":{"line":92,"column":3}},"51":{"start":{"line":89,"column":4},"end":{"line":89,"column":35}},"52":{"start":{"line":90,"column":4},"end":{"line":90,"column":21}},"53":{"start":{"line":93,"column":26},"end":{"line":96,"column":3}},"54":{"start":{"line":94,"column":4},"end":{"line":94,"column":33}},"55":{"start":{"line":95,"column":4},"end":{"line":95,"column":22}},"56":{"start":{"line":98,"column":2},"end":{"line":100,"column":8}},"57":{"start":{"line":99,"column":4},"end":{"line":99,"column":38}},"58":{"start":{"line":99,"column":25},"end":{"line":99,"column":35}},"59":{"start":{"line":102,"column":2},"end":{"line":108,"column":22}},"60":{"start":{"line":103,"column":4},"end":{"line":107,"column":5}},"61":{"start":{"line":104,"column":6},"end":{"line":104,"column":20}},"62":{"start":{"line":106,"column":6},"end":{"line":106,"column":23}},"63":{"start":{"line":110,"column":2},"end":{"line":125,"column":4}},"64":{"start":{"line":122,"column":62},"end":{"line":122,"column":85}}},"fnMap":{"0":{"name":"TimeTracker","decl":{"start":{"line":14,"column":24},"end":{"line":14,"column":35}},"loc":{"start":{"line":14,"column":43},"end":{"line":126,"column":1}},"line":14},"1":{"name":"(anonymous_1)","decl":{"start":{"line":26,"column":21},"end":{"line":26,"column":22}},"loc":{"start":{"line":26,"column":26},"end":{"line":40,"column":3}},"line":26},"2":{"name":"(anonymous_2)","decl":{"start":{"line":33,"column":27},"end":{"line":33,"column":28}},"loc":{"start":{"line":33,"column":38},"end":{"line":36,"column":5}},"line":33},"3":{"name":"(anonymous_3)","decl":{"start":{"line":39,"column":20},"end":{"line":39,"column":21}},"loc":{"start":{"line":39,"column":24},"end":{"line":39,"column":34}},"line":39},"4":{"name":"(anonymous_4)","decl":{"start":{"line":41,"column":21},"end":{"line":41,"column":22}},"loc":{"start":{"line":41,"column":26},"end":{"line":49,"column":3}},"line":41},"5":{"name":"(anonymous_5)","decl":{"start":{"line":48,"column":20},"end":{"line":48,"column":21}},"loc":{"start":{"line":48,"column":24},"end":{"line":48,"column":33}},"line":48},"6":{"name":"(anonymous_6)","decl":{"start":{"line":50,"column":20},"end":{"line":50,"column":21}},"loc":{"start":{"line":50,"column":31},"end":{"line":69,"column":3}},"line":50},"7":{"name":"(anonymous_7)","decl":{"start":{"line":58,"column":19},"end":{"line":58,"column":20}},"loc":{"start":{"line":58,"column":39},"end":{"line":61,"column":5}},"line":58},"8":{"name":"(anonymous_8)","decl":{"start":{"line":63,"column":27},"end":{"line":63,"column":28}},"loc":{"start":{"line":63,"column":38},"end":{"line":65,"column":5}},"line":63},"9":{"name":"(anonymous_9)","decl":{"start":{"line":68,"column":20},"end":{"line":68,"column":21}},"loc":{"start":{"line":68,"column":26},"end":{"line":68,"column":32}},"line":68},"10":{"name":"(anonymous_10)","decl":{"start":{"line":70,"column":17},"end":{"line":70,"column":18}},"loc":{"start":{"line":70,"column":22},"end":{"line":87,"column":3}},"line":70},"11":{"name":"(anonymous_11)","decl":{"start":{"line":84,"column":20},"end":{"line":84,"column":21}},"loc":{"start":{"line":84,"column":25},"end":{"line":84,"column":35}},"line":84},"12":{"name":"(anonymous_12)","decl":{"start":{"line":88,"column":23},"end":{"line":88,"column":24}},"loc":{"start":{"line":88,"column":28},"end":{"line":92,"column":3}},"line":88},"13":{"name":"(anonymous_13)","decl":{"start":{"line":93,"column":26},"end":{"line":93,"column":27}},"loc":{"start":{"line":93,"column":31},"end":{"line":96,"column":3}},"line":93},"14":{"name":"(anonymous_14)","decl":{"start":{"line":98,"column":12},"end":{"line":98,"column":13}},"loc":{"start":{"line":98,"column":18},"end":{"line":100,"column":3}},"line":98},"15":{"name":"(anonymous_15)","decl":{"start":{"line":99,"column":20},"end":{"line":99,"column":21}},"loc":{"start":{"line":99,"column":25},"end":{"line":99,"column":35}},"line":99},"16":{"name":"(anonymous_16)","decl":{"start":{"line":102,"column":12},"end":{"line":102,"column":13}},"loc":{"start":{"line":102,"column":18},"end":{"line":108,"column":3}},"line":102},"17":{"name":"(anonymous_17)","decl":{"start":{"line":122,"column":57},"end":{"line":122,"column":58}},"loc":{"start":{"line":122,"column":62},"end":{"line":122,"column":85}},"line":122}},"branchMap":{"0":{"loc":{"start":{"line":103,"column":4},"end":{"line":107,"column":5}},"type":"if","locations":[{"start":{"line":103,"column":4},"end":{"line":107,"column":5}},{"start":{"line":103,"column":4},"end":{"line":107,"column":5}}],"line":103}},"s":{"0":0,"1":0,"2":0,"3":0,"4":0,"5":0,"6":0,"7":0,"8":0,"9":0,"10":0,"11":0,"12":0,"13":0,"14":0,"15":0,"16":0,"17":0,"18":0,"19":0,"20":0,"21":0,"22":0,"23":0,"24":0,"25":0,"26":0,"27":0,"28":0,"29":0,"30":0,"31":0,"32":0,"33":0,"34":0,"35":0,"36":0,"37":0,"38":0,"39":0,"40":0,"41":0,"42":0,"43":0,"44":0,"45":0,"46":0,"47":0,"48":0,"49":0,"50":0,"51":0,"52":0,"53":0,"54":0,"55":0,"56":0,"57":0,"58":0,"59":0,"60":0,"61":0,"62":0,"63":0,"64":0},"f":{"0":0,"1":0,"2":0,"3":0,"4":0,"5":0,"6":0,"7":0,"8":0,"9":0,"10":0,"11":0,"12":0,"13":0,"14":0,"15":0,"16":0,"17":0},"b":{"0":[0,0]},"hash":"84ad98046ad16c8a941484a7fb12d83c841517a9"}
,"C:\\Users\\marad\\Documents\\GitHub\\instant\\frontend\\src\\components\\timeTracker\\style.js": {"path":"C:\\Users\\marad\\Documents\\GitHub\\instant\\frontend\\src\\components\\timeTracker\\style.js","statementMap":{"0":{"start":{"line":4,"column":26},"end":{"line":8,"column":1}},"1":{"start":{"line":7,"column":23},"end":{"line":7,"column":56}}},"fnMap":{"0":{"name":"(anonymous_0)","decl":{"start":{"line":7,"column":13},"end":{"line":7,"column":14}},"loc":{"start":{"line":7,"column":23},"end":{"line":7,"column":56}},"line":7}},"branchMap":{"0":{"loc":{"start":{"line":7,"column":23},"end":{"line":7,"column":56}},"type":"cond-expr","locations":[{"start":{"line":7,"column":37},"end":{"line":7,"column":46}},{"start":{"line":7,"column":47},"end":{"line":7,"column":56}}],"line":7}},"s":{"0":0,"1":0},"f":{"0":0},"b":{"0":[0,0]},"hash":"d1e4052132b22faa356f2eb3662e7310ef9b59ea"}
,"C:\\Users\\marad\\Documents\\GitHub\\instant\\frontend\\src\\redux\\actions.js": {"path":"C:\\Users\\marad\\Documents\\GitHub\\instant\\frontend\\src\\redux\\actions.js","statementMap":{"0":{"start":{"line":2,"column":3},"end":{"line":5,"column":5}},"1":{"start":{"line":8,"column":4},"end":{"line":11,"column":6}},"2":{"start":{"line":14,"column":4},"end":{"line":17,"column":6}},"3":{"start":{"line":20,"column":4},"end":{"line":23,"column":6}},"4":{"start":{"line":26,"column":4},"end":{"line":29,"column":6}}},"fnMap":{"0":{"name":"setRecords","decl":{"start":{"line":1,"column":16},"end":{"line":1,"column":26}},"loc":{"start":{"line":1,"column":35},"end":{"line":6,"column":1}},"line":1},"1":{"name":"addRecord","decl":{"start":{"line":7,"column":16},"end":{"line":7,"column":25}},"loc":{"start":{"line":7,"column":34},"end":{"line":12,"column":2}},"line":7},"2":{"name":"deleteRecord","decl":{"start":{"line":13,"column":17},"end":{"line":13,"column":29}},"loc":{"start":{"line":13,"column":38},"end":{"line":18,"column":2}},"line":13},"3":{"name":"updateRecord","decl":{"start":{"line":19,"column":17},"end":{"line":19,"column":29}},"loc":{"start":{"line":19,"column":38},"end":{"line":24,"column":2}},"line":19},"4":{"name":"selectItem","decl":{"start":{"line":25,"column":17},"end":{"line":25,"column":27}},"loc":{"start":{"line":25,"column":36},"end":{"line":30,"column":2}},"line":25}},"branchMap":{},"s":{"0":0,"1":0,"2":0,"3":0,"4":0},"f":{"0":0,"1":0,"2":0,"3":0,"4":0},"b":{},"_coverageSchema":"43e27e138ebf9cfc5966b082cf9a028302ed4184","hash":"528e1bda73427725431ab6acdea196e9aa1589c2"}
,"C:\\Users\\marad\\Documents\\GitHub\\instant\\frontend\\src\\redux\\reducer.js": {"path":"C:\\Users\\marad\\Documents\\GitHub\\instant\\frontend\\src\\redux\\reducer.js","statementMap":{"0":{"start":{"line":1,"column":22},"end":{"line":5,"column":1}},"1":{"start":{"line":8,"column":4},"end":{"line":43,"column":5}},"2":{"start":{"line":11,"column":8},"end":{"line":14,"column":9}},"3":{"start":{"line":17,"column":8},"end":{"line":20,"column":9}},"4":{"start":{"line":23,"column":8},"end":{"line":26,"column":9}},"5":{"start":{"line":25,"column":52},"end":{"line":25,"column":79}},"6":{"start":{"line":29,"column":8},"end":{"line":33,"column":9}},"7":{"start":{"line":31,"column":56},"end":{"line":31,"column":87}},"8":{"start":{"line":36,"column":12},"end":{"line":39,"column":13}},"9":{"start":{"line":42,"column":12},"end":{"line":42,"column":24}}},"fnMap":{"0":{"name":"reducer","decl":{"start":{"line":7,"column":9},"end":{"line":7,"column":16}},"loc":{"start":{"line":7,"column":47},"end":{"line":45,"column":1}},"line":7},"1":{"name":"(anonymous_1)","decl":{"start":{"line":25,"column":42},"end":{"line":25,"column":43}},"loc":{"start":{"line":25,"column":52},"end":{"line":25,"column":79}},"line":25},"2":{"name":"(anonymous_2)","decl":{"start":{"line":31,"column":46},"end":{"line":31,"column":47}},"loc":{"start":{"line":31,"column":56},"end":{"line":31,"column":87}},"line":31}},"branchMap":{"0":{"loc":{"start":{"line":7,"column":17},"end":{"line":7,"column":38}},"type":"default-arg","locations":[{"start":{"line":7,"column":25},"end":{"line":7,"column":38}}],"line":7},"1":{"loc":{"start":{"line":8,"column":4},"end":{"line":43,"column":5}},"type":"switch","locations":[{"start":{"line":9,"column":8},"end":{"line":14,"column":9}},{"start":{"line":16,"column":8},"end":{"line":20,"column":9}},{"start":{"line":21,"column":8},"end":{"line":26,"column":9}},{"start":{"line":27,"column":8},"end":{"line":33,"column":9}},{"start":{"line":34,"column":8},"end":{"line":39,"column":13}},{"start":{"line":41,"column":8},"end":{"line":42,"column":24}}],"line":8}},"s":{"0":1,"1":1,"2":0,"3":0,"4":0,"5":0,"6":0,"7":0,"8":0,"9":1},"f":{"0":1,"1":0,"2":0},"b":{"0":[1],"1":[0,0,0,0,0,1]},"_coverageSchema":"43e27e138ebf9cfc5966b082cf9a028302ed4184","hash":"94a4996b93f8f48815c6ec4ef3282ad155a9aa9a"}
,"C:\\Users\\marad\\Documents\\GitHub\\instant\\frontend\\src\\redux\\storage.js": {"path":"C:\\Users\\marad\\Documents\\GitHub\\instant\\frontend\\src\\redux\\storage.js","statementMap":{"0":{"start":{"line":4,"column":14},"end":{"line":4,"column":34}}},"fnMap":{},"branchMap":{},"s":{"0":1},"f":{},"b":{},"_coverageSchema":"43e27e138ebf9cfc5966b082cf9a028302ed4184","hash":"c8b9ec4fc20c0e84bf2111f2aefc041fa1668f53"}
,"C:\\Users\\marad\\Documents\\GitHub\\instant\\frontend\\src\\utils\\index.js": {"path":"C:\\Users\\marad\\Documents\\GitHub\\instant\\frontend\\src\\utils\\index.js","statementMap":{"0":{"start":{"line":2,"column":15},"end":{"line":2,"column":38}},"1":{"start":{"line":3,"column":2},"end":{"line":3,"column":69}},"2":{"start":{"line":6,"column":15},"end":{"line":6,"column":38}},"3":{"start":{"line":7,"column":2},"end":{"line":7,"column":152}},"4":{"start":{"line":11,"column":2},"end":{"line":11,"column":44}},"5":{"start":{"line":12,"column":2},"end":{"line":12,"column":36}},"6":{"start":{"line":13,"column":2},"end":{"line":13,"column":25}},"7":{"start":{"line":14,"column":2},"end":{"line":14,"column":33}},"8":{"start":{"line":15,"column":2},"end":{"line":15,"column":23}},"9":{"start":{"line":16,"column":2},"end":{"line":16,"column":30}},"10":{"start":{"line":17,"column":2},"end":{"line":17,"column":19}},"11":{"start":{"line":18,"column":2},"end":{"line":23,"column":4}},"12":{"start":{"line":27,"column":24},"end":{"line":27,"column":39}},"13":{"start":{"line":28,"column":2},"end":{"line":28,"column":26}},"14":{"start":{"line":30,"column":22},"end":{"line":30,"column":37}},"15":{"start":{"line":31,"column":2},"end":{"line":31,"column":22}},"16":{"start":{"line":33,"column":20},"end":{"line":33,"column":53}},"17":{"start":{"line":34,"column":18},"end":{"line":34,"column":49}},"18":{"start":{"line":36,"column":2},"end":{"line":39,"column":3}},"19":{"start":{"line":37,"column":20},"end":{"line":37,"column":51}},"20":{"start":{"line":38,"column":4},"end":{"line":38,"column":48}},"21":{"start":{"line":41,"column":2},"end":{"line":41,"column":26}},"22":{"start":{"line":45,"column":21},"end":{"line":45,"column":36}},"23":{"start":{"line":46,"column":22},"end":{"line":46,"column":70}},"24":{"start":{"line":47,"column":2},"end":{"line":47,"column":42}},"25":{"start":{"line":51,"column":2},"end":{"line":51,"column":86}},"26":{"start":{"line":51,"column":33},"end":{"line":51,"column":74}},"27":{"start":{"line":55,"column":17},"end":{"line":55,"column":51}},"28":{"start":{"line":56,"column":12},"end":{"line":56,"column":14}},"29":{"start":{"line":57,"column":2},"end":{"line":57,"column":58}},"30":{"start":{"line":57,"column":14},"end":{"line":57,"column":27}},"31":{"start":{"line":58,"column":2},"end":{"line":58,"column":12}},"32":{"start":{"line":63,"column":2},"end":{"line":66,"column":4}},"33":{"start":{"line":64,"column":4},"end":{"line":64,"column":17}},"34":{"start":{"line":65,"column":4},"end":{"line":65,"column":16}},"35":{"start":{"line":68,"column":19},"end":{"line":68,"column":48}},"36":{"start":{"line":70,"column":2},"end":{"line":72,"column":3}},"37":{"start":{"line":71,"column":4},"end":{"line":71,"column":15}},"38":{"start":{"line":74,"column":2},"end":{"line":74,"column":14}},"39":{"start":{"line":77,"column":2},"end":{"line":77,"column":19}}},"fnMap":{"0":{"name":"fortmatMilli","decl":{"start":{"line":1,"column":16},"end":{"line":1,"column":28}},"loc":{"start":{"line":1,"column":43},"end":{"line":4,"column":1}},"line":1},"1":{"name":"fortmatMilliTimer","decl":{"start":{"line":5,"column":16},"end":{"line":5,"column":33}},"loc":{"start":{"line":5,"column":48},"end":{"line":8,"column":1}},"line":5},"2":{"name":"convertMS","decl":{"start":{"line":9,"column":16},"end":{"line":9,"column":25}},"loc":{"start":{"line":9,"column":42},"end":{"line":24,"column":1}},"line":9},"3":{"name":"timeDiference","decl":{"start":{"line":25,"column":16},"end":{"line":25,"column":29}},"loc":{"start":{"line":25,"column":49},"end":{"line":43,"column":1}},"line":25},"4":{"name":"makeTwoDigitsNumbers","decl":{"start":{"line":44,"column":16},"end":{"line":44,"column":36}},"loc":{"start":{"line":44,"column":46},"end":{"line":49,"column":1}},"line":44},"5":{"name":"searchWarning","decl":{"start":{"line":50,"column":16},"end":{"line":50,"column":29}},"loc":{"start":{"line":50,"column":38},"end":{"line":53,"column":1}},"line":50},"6":{"name":"(anonymous_6)","decl":{"start":{"line":51,"column":22},"end":{"line":51,"column":23}},"loc":{"start":{"line":51,"column":33},"end":{"line":51,"column":74}},"line":51},"7":{"name":"getAllInputs","decl":{"start":{"line":54,"column":16},"end":{"line":54,"column":28}},"loc":{"start":{"line":54,"column":32},"end":{"line":60,"column":1}},"line":54},"8":{"name":"confirmWarning","decl":{"start":{"line":61,"column":16},"end":{"line":61,"column":30}},"loc":{"start":{"line":61,"column":33},"end":{"line":75,"column":1}},"line":61},"9":{"name":"(anonymous_9)","decl":{"start":{"line":63,"column":25},"end":{"line":63,"column":26}},"loc":{"start":{"line":63,"column":34},"end":{"line":66,"column":3}},"line":63},"10":{"name":"formatMoutData","decl":{"start":{"line":76,"column":16},"end":{"line":76,"column":30}},"loc":{"start":{"line":76,"column":37},"end":{"line":78,"column":1}},"line":76}},"branchMap":{"0":{"loc":{"start":{"line":3,"column":24},"end":{"line":3,"column":67}},"type":"cond-expr","locations":[{"start":{"line":3,"column":39},"end":{"line":3,"column":54}},{"start":{"line":3,"column":56},"end":{"line":3,"column":67}}],"line":3},"1":{"loc":{"start":{"line":7,"column":10},"end":{"line":7,"column":47}},"type":"cond-expr","locations":[{"start":{"line":7,"column":23},"end":{"line":7,"column":36}},{"start":{"line":7,"column":38},"end":{"line":7,"column":47}}],"line":7},"2":{"loc":{"start":{"line":7,"column":54},"end":{"line":7,"column":97}},"type":"cond-expr","locations":[{"start":{"line":7,"column":69},"end":{"line":7,"column":84}},{"start":{"line":7,"column":86},"end":{"line":7,"column":97}}],"line":7},"3":{"loc":{"start":{"line":7,"column":104},"end":{"line":7,"column":150}},"type":"cond-expr","locations":[{"start":{"line":7,"column":120},"end":{"line":7,"column":136}},{"start":{"line":7,"column":138},"end":{"line":7,"column":150}}],"line":7},"4":{"loc":{"start":{"line":36,"column":2},"end":{"line":39,"column":3}},"type":"if","locations":[{"start":{"line":36,"column":2},"end":{"line":39,"column":3}},{"start":{"line":36,"column":2},"end":{"line":39,"column":3}}],"line":36},"5":{"loc":{"start":{"line":45,"column":21},"end":{"line":45,"column":36}},"type":"cond-expr","locations":[{"start":{"line":45,"column":30},"end":{"line":45,"column":33}},{"start":{"line":45,"column":34},"end":{"line":45,"column":36}}],"line":45},"6":{"loc":{"start":{"line":46,"column":22},"end":{"line":46,"column":70}},"type":"cond-expr","locations":[{"start":{"line":46,"column":33},"end":{"line":46,"column":53}},{"start":{"line":46,"column":54},"end":{"line":46,"column":70}}],"line":46},"7":{"loc":{"start":{"line":70,"column":2},"end":{"line":72,"column":3}},"type":"if","locations":[{"start":{"line":70,"column":2},"end":{"line":72,"column":3}},{"start":{"line":70,"column":2},"end":{"line":72,"column":3}}],"line":70}},"s":{"0":2,"1":2,"2":4,"3":4,"4":8,"5":8,"6":8,"7":8,"8":8,"9":8,"10":8,"11":8,"12":2,"13":2,"14":2,"15":2,"16":2,"17":2,"18":2,"19":1,"20":1,"21":2,"22":3,"23":3,"24":3,"25":5,"26":15,"27":9,"28":9,"29":9,"30":9,"31":9,"32":3,"33":5,"34":5,"35":3,"36":3,"37":2,"38":1,"39":2},"f":{"0":2,"1":4,"2":8,"3":2,"4":3,"5":5,"6":15,"7":9,"8":3,"9":5,"10":2},"b":{"0":[1,1],"1":[4,0],"2":[1,3],"3":[3,1],"4":[1,1],"5":[1,2],"6":[2,1],"7":[2,1]},"_coverageSchema":"43e27e138ebf9cfc5966b082cf9a028302ed4184","hash":"04e87d0b7c4b9fd3f2f7c12ec2af022f01f49471"}
}
