{"C:\\Users\\marad\\Documents\\GitHub\\instant\\frontend\\src\\utils\\index.js": {"path":"C:\\Users\\marad\\Documents\\GitHub\\instant\\frontend\\src\\utils\\index.js","statementMap":{"0":{"start":{"line":2,"column":15},"end":{"line":2,"column":38}},"1":{"start":{"line":3,"column":2},"end":{"line":3,"column":69}},"2":{"start":{"line":6,"column":15},"end":{"line":6,"column":38}},"3":{"start":{"line":7,"column":2},"end":{"line":7,"column":152}},"4":{"start":{"line":11,"column":2},"end":{"line":11,"column":44}},"5":{"start":{"line":12,"column":2},"end":{"line":12,"column":36}},"6":{"start":{"line":13,"column":2},"end":{"line":13,"column":25}},"7":{"start":{"line":14,"column":2},"end":{"line":14,"column":33}},"8":{"start":{"line":15,"column":2},"end":{"line":15,"column":23}},"9":{"start":{"line":16,"column":2},"end":{"line":16,"column":30}},"10":{"start":{"line":17,"column":2},"end":{"line":17,"column":19}},"11":{"start":{"line":18,"column":2},"end":{"line":23,"column":4}},"12":{"start":{"line":27,"column":24},"end":{"line":27,"column":39}},"13":{"start":{"line":28,"column":2},"end":{"line":28,"column":26}},"14":{"start":{"line":30,"column":22},"end":{"line":30,"column":37}},"15":{"start":{"line":31,"column":2},"end":{"line":31,"column":22}},"16":{"start":{"line":33,"column":20},"end":{"line":33,"column":53}},"17":{"start":{"line":34,"column":18},"end":{"line":34,"column":49}},"18":{"start":{"line":36,"column":2},"end":{"line":39,"column":3}},"19":{"start":{"line":37,"column":20},"end":{"line":37,"column":51}},"20":{"start":{"line":38,"column":4},"end":{"line":38,"column":48}},"21":{"start":{"line":41,"column":2},"end":{"line":41,"column":26}},"22":{"start":{"line":45,"column":21},"end":{"line":45,"column":36}},"23":{"start":{"line":46,"column":22},"end":{"line":46,"column":70}},"24":{"start":{"line":47,"column":2},"end":{"line":47,"column":42}},"25":{"start":{"line":51,"column":2},"end":{"line":51,"column":86}},"26":{"start":{"line":51,"column":33},"end":{"line":51,"column":74}},"27":{"start":{"line":55,"column":17},"end":{"line":55,"column":51}},"28":{"start":{"line":56,"column":12},"end":{"line":56,"column":14}},"29":{"start":{"line":57,"column":2},"end":{"line":57,"column":58}},"30":{"start":{"line":57,"column":14},"end":{"line":57,"column":27}},"31":{"start":{"line":58,"column":2},"end":{"line":58,"column":12}},"32":{"start":{"line":62,"column":19},"end":{"line":62,"column":48}},"33":{"start":{"line":64,"column":2},"end":{"line":66,"column":3}},"34":{"start":{"line":65,"column":4},"end":{"line":65,"column":15}},"35":{"start":{"line":67,"column":2},"end":{"line":70,"column":4}},"36":{"start":{"line":68,"column":4},"end":{"line":68,"column":17}},"37":{"start":{"line":69,"column":4},"end":{"line":69,"column":16}},"38":{"start":{"line":71,"column":2},"end":{"line":71,"column":14}},"39":{"start":{"line":74,"column":2},"end":{"line":74,"column":19}}},"fnMap":{"0":{"name":"fortmatMilli","decl":{"start":{"line":1,"column":16},"end":{"line":1,"column":28}},"loc":{"start":{"line":1,"column":43},"end":{"line":4,"column":1}},"line":1},"1":{"name":"fortmatMilliTimer","decl":{"start":{"line":5,"column":16},"end":{"line":5,"column":33}},"loc":{"start":{"line":5,"column":48},"end":{"line":8,"column":1}},"line":5},"2":{"name":"convertMS","decl":{"start":{"line":9,"column":16},"end":{"line":9,"column":25}},"loc":{"start":{"line":9,"column":42},"end":{"line":24,"column":1}},"line":9},"3":{"name":"timeDiference","decl":{"start":{"line":25,"column":16},"end":{"line":25,"column":29}},"loc":{"start":{"line":25,"column":49},"end":{"line":43,"column":1}},"line":25},"4":{"name":"makeTwoDigitsNumbers","decl":{"start":{"line":44,"column":16},"end":{"line":44,"column":36}},"loc":{"start":{"line":44,"column":46},"end":{"line":49,"column":1}},"line":44},"5":{"name":"searchWarning","decl":{"start":{"line":50,"column":16},"end":{"line":50,"column":29}},"loc":{"start":{"line":50,"column":38},"end":{"line":53,"column":1}},"line":50},"6":{"name":"(anonymous_6)","decl":{"start":{"line":51,"column":22},"end":{"line":51,"column":23}},"loc":{"start":{"line":51,"column":33},"end":{"line":51,"column":74}},"line":51},"7":{"name":"getAllInputs","decl":{"start":{"line":54,"column":16},"end":{"line":54,"column":28}},"loc":{"start":{"line":54,"column":32},"end":{"line":60,"column":1}},"line":54},"8":{"name":"confirmWarning","decl":{"start":{"line":61,"column":16},"end":{"line":61,"column":30}},"loc":{"start":{"line":61,"column":33},"end":{"line":72,"column":1}},"line":61},"9":{"name":"(anonymous_9)","decl":{"start":{"line":67,"column":25},"end":{"line":67,"column":26}},"loc":{"start":{"line":67,"column":34},"end":{"line":70,"column":3}},"line":67},"10":{"name":"formatMoutData","decl":{"start":{"line":73,"column":16},"end":{"line":73,"column":30}},"loc":{"start":{"line":73,"column":37},"end":{"line":75,"column":1}},"line":73}},"branchMap":{"0":{"loc":{"start":{"line":3,"column":24},"end":{"line":3,"column":67}},"type":"cond-expr","locations":[{"start":{"line":3,"column":39},"end":{"line":3,"column":54}},{"start":{"line":3,"column":56},"end":{"line":3,"column":67}}],"line":3},"1":{"loc":{"start":{"line":7,"column":10},"end":{"line":7,"column":47}},"type":"cond-expr","locations":[{"start":{"line":7,"column":23},"end":{"line":7,"column":36}},{"start":{"line":7,"column":38},"end":{"line":7,"column":47}}],"line":7},"2":{"loc":{"start":{"line":7,"column":54},"end":{"line":7,"column":97}},"type":"cond-expr","locations":[{"start":{"line":7,"column":69},"end":{"line":7,"column":84}},{"start":{"line":7,"column":86},"end":{"line":7,"column":97}}],"line":7},"3":{"loc":{"start":{"line":7,"column":104},"end":{"line":7,"column":150}},"type":"cond-expr","locations":[{"start":{"line":7,"column":120},"end":{"line":7,"column":136}},{"start":{"line":7,"column":138},"end":{"line":7,"column":150}}],"line":7},"4":{"loc":{"start":{"line":36,"column":2},"end":{"line":39,"column":3}},"type":"if","locations":[{"start":{"line":36,"column":2},"end":{"line":39,"column":3}},{"start":{"line":36,"column":2},"end":{"line":39,"column":3}}],"line":36},"5":{"loc":{"start":{"line":45,"column":21},"end":{"line":45,"column":36}},"type":"cond-expr","locations":[{"start":{"line":45,"column":30},"end":{"line":45,"column":33}},{"start":{"line":45,"column":34},"end":{"line":45,"column":36}}],"line":45},"6":{"loc":{"start":{"line":46,"column":22},"end":{"line":46,"column":70}},"type":"cond-expr","locations":[{"start":{"line":46,"column":33},"end":{"line":46,"column":53}},{"start":{"line":46,"column":54},"end":{"line":46,"column":70}}],"line":46},"7":{"loc":{"start":{"line":64,"column":2},"end":{"line":66,"column":3}},"type":"if","locations":[{"start":{"line":64,"column":2},"end":{"line":66,"column":3}},{"start":{"line":64,"column":2},"end":{"line":66,"column":3}}],"line":64}},"s":{"0":2,"1":2,"2":4,"3":4,"4":8,"5":8,"6":8,"7":8,"8":8,"9":8,"10":8,"11":8,"12":2,"13":2,"14":2,"15":2,"16":2,"17":2,"18":2,"19":1,"20":1,"21":2,"22":3,"23":3,"24":3,"25":1,"26":0,"27":2,"28":2,"29":2,"30":2,"31":2,"32":0,"33":0,"34":0,"35":0,"36":0,"37":0,"38":0,"39":2},"f":{"0":2,"1":4,"2":8,"3":2,"4":3,"5":1,"6":0,"7":2,"8":0,"9":0,"10":2},"b":{"0":[1,1],"1":[4,0],"2":[1,3],"3":[3,1],"4":[1,1],"5":[1,2],"6":[2,1],"7":[0,0]},"_coverageSchema":"43e27e138ebf9cfc5966b082cf9a028302ed4184","hash":"70601ae446254147d145cff98d659696f13557e0"}
}
