TN:
SF:C:\Users\marad\Documents\GitHub\instant\frontend\src\utils\index.js
FN:1,fortmatMilli
FN:5,fortmatMilliTimer
FN:9,convertMS
FN:25,timeDiference
FN:44,makeTwoDigitsNumbers
FN:50,searchWarning
FN:51,(anonymous_6)
FN:54,getAllInputs
FN:61,confirmWarning
FN:67,(anonymous_9)
FN:73,formatMoutData
FNF:11
FNH:8
FNDA:2,fortmatMilli
FNDA:4,fortmatMilliTimer
FNDA:8,convertMS
FNDA:2,timeDiference
FNDA:3,makeTwoDigitsNumbers
FNDA:1,searchWarning
FNDA:0,(anonymous_6)
FNDA:2,getAllInputs
FNDA:0,confirmWarning
FNDA:0,(anonymous_9)
FNDA:2,formatMoutData
DA:2,2
DA:3,2
DA:6,4
DA:7,4
DA:11,8
DA:12,8
DA:13,8
DA:14,8
DA:15,8
DA:16,8
DA:17,8
DA:18,8
DA:27,2
DA:28,2
DA:30,2
DA:31,2
DA:33,2
DA:34,2
DA:36,2
DA:37,1
DA:38,1
DA:41,2
DA:45,3
DA:46,3
DA:47,3
DA:51,1
DA:55,2
DA:56,2
DA:57,2
DA:58,2
DA:62,0
DA:64,0
DA:65,0
DA:67,0
DA:68,0
DA:69,0
DA:71,0
DA:74,2
LF:38
LH:31
BRDA:3,0,0,1
BRDA:3,0,1,1
BRDA:7,1,0,4
BRDA:7,1,1,0
BRDA:7,2,0,1
BRDA:7,2,1,3
BRDA:7,3,0,3
BRDA:7,3,1,1
BRDA:36,4,0,1
BRDA:36,4,1,1
BRDA:45,5,0,1
BRDA:45,5,1,2
BRDA:46,6,0,2
BRDA:46,6,1,1
BRDA:64,7,0,0
BRDA:64,7,1,0
BRF:16
BRH:13
end_of_record
