TN:
SF:C:\Users\marad\Documents\GitHub\instant\frontend\src\App.js
FN:6,App
FNF:1
FNH:0
FNDA:0,App
DA:7,0
DA:10,0
LF:2
LH:0
BRF:0
BRH:0
end_of_record
TN:
SF:C:\Users\marad\Documents\GitHub\instant\frontend\src\index.js
FNF:0
FNH:0
DA:9,0
LF:1
LH:0
BRF:0
BRH:0
end_of_record
TN:
SF:C:\Users\marad\Documents\GitHub\instant\frontend\src\components\bgAnimation\index.js
FN:3,BgAnimation
FNF:1
FNH:0
FNDA:0,BgAnimation
DA:4,0
LF:1
LH:0
BRF:0
BRH:0
end_of_record
TN:
SF:C:\Users\marad\Documents\GitHub\instant\frontend\src\components\button\index.js
FN:5,Button
FN:11,(anonymous_1)
FNF:2
FNH:2
FNDA:9,Button
FNDA:9,(anonymous_1)
DA:6,9
DA:7,9
DA:8,9
DA:9,9
DA:11,9
DA:12,9
DA:13,0
DA:14,9
DA:15,0
DA:17,9
DA:20,9
LF:11
LH:9
BRDA:12,0,0,0
BRDA:12,0,1,9
BRDA:14,1,0,0
BRDA:14,1,1,9
BRF:4
BRH:2
end_of_record
TN:
SF:C:\Users\marad\Documents\GitHub\instant\frontend\src\components\button\styles.js
FN:7,(anonymous_0)
FN:8,(anonymous_1)
FNF:2
FNH:2
FNDA:9,(anonymous_0)
FNDA:9,(anonymous_1)
DA:4,1
DA:7,9
DA:8,9
LF:3
LH:3
BRF:0
BRH:0
end_of_record
TN:
SF:C:\Users\marad\Documents\GitHub\instant\frontend\src\components\deleteData\index.js
FN:11,DeleteData
FN:13,(anonymous_1)
FN:15,(anonymous_2)
FN:23,(anonymous_3)
FNF:4
FNH:0
FNDA:0,DeleteData
FNDA:0,(anonymous_1)
FNDA:0,(anonymous_2)
FNDA:0,(anonymous_3)
DA:12,0
DA:13,0
DA:15,0
DA:16,0
DA:17,0
DA:21,0
DA:23,0
LF:7
LH:0
BRF:0
BRH:0
end_of_record
TN:
SF:C:\Users\marad\Documents\GitHub\instant\frontend\src\components\editData\index.js
FN:13,EditData
FN:15,(anonymous_1)
FN:22,(anonymous_2)
FN:34,(anonymous_3)
FN:47,(anonymous_4)
FN:67,(anonymous_5)
FNF:6
FNH:0
FNDA:0,EditData
FNDA:0,(anonymous_1)
FNDA:0,(anonymous_2)
FNDA:0,(anonymous_3)
FNDA:0,(anonymous_4)
FNDA:0,(anonymous_5)
DA:14,0
DA:15,0
DA:17,0
DA:18,0
DA:19,0
DA:20,0
DA:22,0
DA:23,0
DA:25,0
DA:27,0
DA:28,0
DA:29,0
DA:34,0
DA:35,0
DA:37,0
DA:38,0
DA:39,0
DA:40,0
DA:42,0
DA:45,0
DA:47,0
DA:67,0
LF:22
LH:0
BRDA:27,0,0,0
BRDA:27,0,1,0
BRF:2
BRH:0
end_of_record
TN:
SF:C:\Users\marad\Documents\GitHub\instant\frontend\src\components\header\index.js
FN:7,Header
FNF:1
FNH:0
FNDA:0,Header
DA:8,0
LF:1
LH:0
BRF:0
BRH:0
end_of_record
TN:
SF:C:\Users\marad\Documents\GitHub\instant\frontend\src\components\inputData\index.js
FN:12,InputData
FN:21,(anonymous_1)
FN:33,(anonymous_2)
FN:46,(anonymous_3)
FN:52,(anonymous_4)
FN:60,(anonymous_5)
FN:84,(anonymous_6)
FNF:7
FNH:1
FNDA:9,InputData
FNDA:0,(anonymous_1)
FNDA:0,(anonymous_2)
FNDA:0,(anonymous_3)
FNDA:0,(anonymous_4)
FNDA:0,(anonymous_5)
FNDA:0,(anonymous_6)
DA:13,9
DA:15,9
DA:16,9
DA:17,9
DA:18,9
DA:19,9
DA:21,9
DA:22,0
DA:24,0
DA:26,0
DA:27,0
DA:28,0
DA:33,9
DA:34,0
DA:43,0
DA:46,9
DA:47,0
DA:48,0
DA:49,0
DA:52,9
DA:53,0
DA:54,0
DA:58,9
DA:60,0
DA:84,0
LF:25
LH:11
BRDA:26,0,0,0
BRDA:26,0,1,0
BRF:2
BRH:0
end_of_record
TN:
SF:C:\Users\marad\Documents\GitHub\instant\frontend\src\components\inputField\index.js
FN:5,InputField
FN:8,blurFunction
FN:18,onchangeFunction
FN:25,checkDateValue
FN:32,checkTimeValue
FN:43,setTimeValue
FN:69,(anonymous_6)
FN:69,(anonymous_7)
FNF:8
FNH:8
FNDA:50,InputField
FNDA:5,blurFunction
FNDA:6,onchangeFunction
FNDA:1,checkDateValue
FNDA:4,checkTimeValue
FNDA:4,setTimeValue
FNDA:5,(anonymous_6)
FNDA:6,(anonymous_7)
DA:6,50
DA:9,5
DA:11,5
DA:13,1
DA:15,4
DA:19,6
DA:20,2
DA:22,4
DA:26,1
DA:27,1
DA:28,1
DA:34,4
DA:35,4
DA:36,4
DA:39,4
DA:40,4
DA:44,4
DA:45,4
DA:46,4
DA:47,4
DA:49,4
DA:50,4
DA:51,4
DA:52,0
DA:53,4
DA:54,0
DA:56,4
DA:58,0
DA:59,0
DA:63,0
DA:68,50
DA:69,6
LF:32
LH:27
BRDA:6,0,0,10
BRDA:6,0,1,40
BRDA:11,1,0,1
BRDA:11,1,1,4
BRDA:19,2,0,2
BRDA:19,2,1,4
BRDA:27,3,0,1
BRDA:27,3,1,0
BRDA:39,4,0,4
BRDA:39,4,1,0
BRDA:39,5,0,4
BRDA:39,5,1,4
BRDA:39,5,2,4
BRDA:49,6,0,4
BRDA:49,6,1,0
BRDA:50,7,0,4
BRDA:50,7,1,0
BRDA:51,8,0,0
BRDA:51,8,1,4
BRDA:53,9,0,0
BRDA:53,9,1,4
BRDA:53,10,0,4
BRDA:53,10,1,0
BRDA:58,11,0,0
BRDA:58,11,1,0
BRF:25
BRH:16
end_of_record
TN:
SF:C:\Users\marad\Documents\GitHub\instant\frontend\src\components\inputField\styles.js
FN:12,(anonymous_0)
FN:15,(anonymous_1)
FN:16,(anonymous_2)
FN:19,(anonymous_3)
FNF:4
FNH:4
FNDA:49,(anonymous_0)
FNDA:49,(anonymous_1)
FNDA:49,(anonymous_2)
FNDA:49,(anonymous_3)
DA:2,1
DA:3,1
DA:4,1
DA:6,1
DA:12,49
DA:15,49
DA:16,49
DA:19,49
LF:8
LH:8
BRDA:12,0,0,33
BRDA:12,0,1,16
BRDA:15,1,0,33
BRDA:15,1,1,16
BRDA:16,2,0,33
BRDA:16,2,1,16
BRDA:19,3,0,33
BRDA:19,3,1,16
BRF:8
BRH:8
end_of_record
TN:
SF:C:\Users\marad\Documents\GitHub\instant\frontend\src\components\itemRecord\index.js
FN:12,ItemRecord
FN:14,(anonymous_1)
FN:22,(anonymous_2)
FN:27,(anonymous_3)
FN:32,(anonymous_4)
FN:62,(anonymous_5)
FN:63,(anonymous_6)
FNF:7
FNH:0
FNDA:0,ItemRecord
FNDA:0,(anonymous_1)
FNDA:0,(anonymous_2)
FNDA:0,(anonymous_3)
FNDA:0,(anonymous_4)
FNDA:0,(anonymous_5)
FNDA:0,(anonymous_6)
DA:13,0
DA:14,0
DA:16,0
DA:18,0
DA:19,0
DA:20,0
DA:22,0
DA:23,0
DA:27,0
DA:28,0
DA:29,0
DA:32,0
DA:33,0
DA:34,0
DA:38,0
DA:62,0
DA:63,0
LF:17
LH:0
BRF:0
BRH:0
end_of_record
TN:
SF:C:\Users\marad\Documents\GitHub\instant\frontend\src\components\itemRecord\styles.js
FN:8,(anonymous_0)
FN:13,(anonymous_1)
FNF:2
FNH:0
FNDA:0,(anonymous_0)
FNDA:0,(anonymous_1)
DA:3,0
DA:4,0
DA:6,0
DA:8,0
DA:13,0
LF:5
LH:0
BRDA:8,0,0,0
BRDA:8,0,1,0
BRDA:13,1,0,0
BRDA:13,1,1,0
BRF:4
BRH:0
end_of_record
TN:
SF:C:\Users\marad\Documents\GitHub\instant\frontend\src\components\mainContent\index.js
FN:13,MainContent
FN:15,(anonymous_1)
FN:19,checkTodayRecord
FN:22,(anonymous_3)
FN:32,(anonymous_4)
FN:40,(anonymous_5)
FN:44,(anonymous_6)
FNF:7
FNH:0
FNDA:0,MainContent
FNDA:0,(anonymous_1)
FNDA:0,checkTodayRecord
FNDA:0,(anonymous_3)
FNDA:0,(anonymous_4)
FNDA:0,(anonymous_5)
FNDA:0,(anonymous_6)
DA:14,0
DA:15,0
DA:17,0
DA:20,0
DA:22,0
DA:23,0
DA:26,0
DA:27,0
DA:29,0
DA:32,0
DA:33,0
DA:34,0
DA:36,0
DA:40,0
DA:41,0
DA:44,0
DA:45,0
DA:46,0
DA:50,0
LF:19
LH:0
BRDA:26,0,0,0
BRDA:26,0,1,0
BRDA:45,1,0,0
BRDA:45,1,1,0
BRF:4
BRH:0
end_of_record
TN:
SF:C:\Users\marad\Documents\GitHub\instant\frontend\src\components\modalComponent\index.js
FN:8,ModalComponent
FN:13,(anonymous_1)
FN:32,(anonymous_2)
FNF:3
FNH:0
FNDA:0,ModalComponent
FNDA:0,(anonymous_1)
FNDA:0,(anonymous_2)
DA:10,0
DA:11,0
DA:13,0
DA:14,0
DA:15,0
DA:18,0
DA:19,0
DA:22,0
DA:23,0
DA:28,0
DA:32,0
LF:11
LH:0
BRDA:10,0,0,0
BRDA:10,0,1,0
BRDA:14,1,0,0
BRDA:14,1,1,0
BRDA:18,2,0,0
BRDA:18,2,1,0
BRDA:22,3,0,0
BRDA:22,3,1,0
BRF:8
BRH:0
end_of_record
TN:
SF:C:\Users\marad\Documents\GitHub\instant\frontend\src\components\recordsFrom\index.js
FN:6,RecordsFrom
FN:7,(anonymous_1)
FN:9,(anonymous_2)
FN:10,(anonymous_3)
FN:17,(anonymous_4)
FNF:5
FNH:0
FNDA:0,RecordsFrom
FNDA:0,(anonymous_1)
FNDA:0,(anonymous_2)
FNDA:0,(anonymous_3)
FNDA:0,(anonymous_4)
DA:7,0
DA:9,0
DA:10,0
DA:12,0
DA:14,0
DA:18,0
LF:6
LH:0
BRF:0
BRH:0
end_of_record
TN:
SF:C:\Users\marad\Documents\GitHub\instant\frontend\src\components\timeTracker\index.js
FN:14,TimeTracker
FN:26,(anonymous_1)
FN:33,(anonymous_2)
FN:39,(anonymous_3)
FN:41,(anonymous_4)
FN:48,(anonymous_5)
FN:50,(anonymous_6)
FN:58,(anonymous_7)
FN:63,(anonymous_8)
FN:68,(anonymous_9)
FN:70,(anonymous_10)
FN:84,(anonymous_11)
FN:88,(anonymous_12)
FN:93,(anonymous_13)
FN:98,(anonymous_14)
FN:99,(anonymous_15)
FN:102,(anonymous_16)
FN:122,(anonymous_17)
FNF:18
FNH:0
FNDA:0,TimeTracker
FNDA:0,(anonymous_1)
FNDA:0,(anonymous_2)
FNDA:0,(anonymous_3)
FNDA:0,(anonymous_4)
FNDA:0,(anonymous_5)
FNDA:0,(anonymous_6)
FNDA:0,(anonymous_7)
FNDA:0,(anonymous_8)
FNDA:0,(anonymous_9)
FNDA:0,(anonymous_10)
FNDA:0,(anonymous_11)
FNDA:0,(anonymous_12)
FNDA:0,(anonymous_13)
FNDA:0,(anonymous_14)
FNDA:0,(anonymous_15)
FNDA:0,(anonymous_16)
FNDA:0,(anonymous_17)
DA:15,0
DA:17,0
DA:18,0
DA:19,0
DA:20,0
DA:21,0
DA:22,0
DA:23,0
DA:26,0
DA:27,0
DA:28,0
DA:30,0
DA:31,0
DA:32,0
DA:33,0
DA:35,0
DA:38,0
DA:39,0
DA:41,0
DA:42,0
DA:44,0
DA:46,0
DA:47,0
DA:48,0
DA:50,0
DA:51,0
DA:53,0
DA:55,0
DA:58,0
DA:59,0
DA:60,0
DA:63,0
DA:64,0
DA:67,0
DA:68,0
DA:70,0
DA:72,0
DA:73,0
DA:74,0
DA:75,0
DA:79,0
DA:80,0
DA:81,0
DA:83,0
DA:84,0
DA:86,0
DA:88,0
DA:89,0
DA:90,0
DA:93,0
DA:94,0
DA:95,0
DA:98,0
DA:99,0
DA:102,0
DA:103,0
DA:104,0
DA:106,0
DA:110,0
DA:122,0
LF:60
LH:0
BRDA:103,0,0,0
BRDA:103,0,1,0
BRF:2
BRH:0
end_of_record
TN:
SF:C:\Users\marad\Documents\GitHub\instant\frontend\src\components\timeTracker\style.js
FN:7,(anonymous_0)
FNF:1
FNH:0
FNDA:0,(anonymous_0)
DA:4,0
DA:7,0
LF:2
LH:0
BRDA:7,0,0,0
BRDA:7,0,1,0
BRF:2
BRH:0
end_of_record
TN:
SF:C:\Users\marad\Documents\GitHub\instant\frontend\src\redux\actions.js
FN:1,setRecords
FN:7,addRecord
FN:13,deleteRecord
FN:19,updateRecord
FN:25,selectItem
FNF:5
FNH:0
FNDA:0,setRecords
FNDA:0,addRecord
FNDA:0,deleteRecord
FNDA:0,updateRecord
FNDA:0,selectItem
DA:2,0
DA:8,0
DA:14,0
DA:20,0
DA:26,0
LF:5
LH:0
BRF:0
BRH:0
end_of_record
TN:
SF:C:\Users\marad\Documents\GitHub\instant\frontend\src\redux\reducer.js
FN:7,reducer
FN:25,(anonymous_1)
FN:31,(anonymous_2)
FNF:3
FNH:1
FNDA:1,reducer
FNDA:0,(anonymous_1)
FNDA:0,(anonymous_2)
DA:1,1
DA:8,1
DA:11,0
DA:17,0
DA:23,0
DA:25,0
DA:29,0
DA:31,0
DA:36,0
DA:42,1
LF:10
LH:3
BRDA:7,0,0,1
BRDA:8,1,0,0
BRDA:8,1,1,0
BRDA:8,1,2,0
BRDA:8,1,3,0
BRDA:8,1,4,0
BRDA:8,1,5,1
BRF:7
BRH:2
end_of_record
TN:
SF:C:\Users\marad\Documents\GitHub\instant\frontend\src\redux\storage.js
FNF:0
FNH:0
DA:4,1
LF:1
LH:1
BRF:0
BRH:0
end_of_record
TN:
SF:C:\Users\marad\Documents\GitHub\instant\frontend\src\utils\index.js
FN:1,fortmatMilli
FN:5,fortmatMilliTimer
FN:9,convertMS
FN:25,timeDiference
FN:44,makeTwoDigitsNumbers
FN:50,searchWarning
FN:51,(anonymous_6)
FN:54,getAllInputs
FN:61,confirmWarning
FN:63,(anonymous_9)
FN:76,formatMoutData
FNF:11
FNH:11
FNDA:2,fortmatMilli
FNDA:4,fortmatMilliTimer
FNDA:8,convertMS
FNDA:2,timeDiference
FNDA:3,makeTwoDigitsNumbers
FNDA:5,searchWarning
FNDA:15,(anonymous_6)
FNDA:9,getAllInputs
FNDA:3,confirmWarning
FNDA:5,(anonymous_9)
FNDA:2,formatMoutData
DA:2,2
DA:3,2
DA:6,4
DA:7,4
DA:11,8
DA:12,8
DA:13,8
DA:14,8
DA:15,8
DA:16,8
DA:17,8
DA:18,8
DA:27,2
DA:28,2
DA:30,2
DA:31,2
DA:33,2
DA:34,2
DA:36,2
DA:37,1
DA:38,1
DA:41,2
DA:45,3
DA:46,3
DA:47,3
DA:51,15
DA:55,9
DA:56,9
DA:57,9
DA:58,9
DA:63,3
DA:64,5
DA:65,5
DA:68,3
DA:70,3
DA:71,2
DA:74,1
DA:77,2
LF:38
LH:38
BRDA:3,0,0,1
BRDA:3,0,1,1
BRDA:7,1,0,4
BRDA:7,1,1,0
BRDA:7,2,0,1
BRDA:7,2,1,3
BRDA:7,3,0,3
BRDA:7,3,1,1
BRDA:36,4,0,1
BRDA:36,4,1,1
BRDA:45,5,0,1
BRDA:45,5,1,2
BRDA:46,6,0,2
BRDA:46,6,1,1
BRDA:70,7,0,2
BRDA:70,7,1,1
BRF:16
BRH:15
end_of_record
